<?xml version="1.0" encoding="UTF-8"?>
<!-- Generated by org.testng.reporters.JUnitReportReporter -->
<testsuite hostname="Prakash_Shah" failures="0" tests="5" name="Practice.SampleTestNg" time="0.022" errors="0" timestamp="2023-04-06T20:18:23 IST" skipped="0">
  <testcase classname="Practice.SampleTestNg" name="deleteContact" time="0.001"/>
  <system-out/>
  <testcase classname="Practice.SampleTestNg" name="deleteContact" time="0.003"/>
  <system-out/>
  <testcase classname="Practice.SampleTestNg" name="modifyContact" time="0.001"/>
  <system-out/>
  <testcase classname="Practice.SampleTestNg" name="createContact" time="0.013"/>
  <system-out/>
  <testcase classname="Practice.SampleTestNg" name="deleteContact" time="0.004"/>
  <system-out/>
</testsuite> <!-- Practice.SampleTestNg -->
