<?xml version="1.0" encoding="UTF-8"?>
<!-- Generated by org.testng.reporters.JUnitReportReporter -->
<testsuite hostname="Prakash_Shah" failures="0" tests="3" name="Practice.DataProviderExample" time="0.015" errors="0" timestamp="2023-04-12T20:18:43 IST" skipped="0">
  <testcase classname="Practice.DataProviderExample" name="bookTickets" time="0.002"/>
  <system-out/>
  <testcase classname="Practice.DataProviderExample" name="bookTickets" time="0.011"/>
  <system-out/>
  <testcase classname="Practice.DataProviderExample" name="bookTickets" time="0.002"/>
  <system-out/>
</testsuite> <!-- Practice.DataProviderExample -->
