<?xml version="1.0" encoding="UTF-8"?>
<!-- Generated by org.testng.reporters.JUnitReportReporter -->
<testsuite hostname="Prakash_Shah" failures="0" tests="1" name="organisation.CreateOrganisationTest" time="23.828" errors="0" timestamp="2023-04-19T19:51:34 IST" skipped="0">
  <testcase classname="organisation.CreateOrganisationTest" name="createOrganisation" time="23.828"/>
  <system-out/>
</testsuite> <!-- organisation.CreateOrganisationTest -->
