<?xml version="1.0" encoding="UTF-8"?>
<!-- Generated by org.testng.reporters.JUnitReportReporter -->
<testsuite hostname="Prakash_Shah" failures="0" tests="1" name="organisation.CreateOrganisation" time="55.459" errors="0" timestamp="2023-04-06T20:19:38 IST" skipped="0">
  <testcase classname="organisation.CreateOrganisation" name="createOrganisation" time="55.459"/>
  <system-out/>
</testsuite> <!-- organisation.CreateOrganisation -->
