<?xml version="1.0" encoding="UTF-8"?>
<!-- Generated by org.testng.reporters.JUnitReportReporter -->
<testsuite hostname="Prakash_Shah" failures="0" tests="1" name="product.CreateProductTest" time="16.086" errors="0" timestamp="2023-04-19T19:51:34 IST" skipped="0">
  <testcase classname="product.CreateProductTest" name="createProduct" time="16.086"/>
  <system-out/>
</testsuite> <!-- product.CreateProductTest -->
