<?xml version="1.0" encoding="UTF-8"?>
<!-- Generated by org.testng.reporters.JUnitReportReporter -->
<testsuite hostname="Prakash_Shah" failures="0" tests="3" name="Practice.DataFromExcelSheet" time="0.012" errors="0" timestamp="2023-04-13T20:34:31 IST" skipped="0">
  <testcase classname="Practice.DataFromExcelSheet" name="testExcel" time="0.001"/>
  <system-out/>
  <testcase classname="Practice.DataFromExcelSheet" name="testExcel" time="0.001"/>
  <system-out/>
  <testcase classname="Practice.DataFromExcelSheet" name="testExcel" time="0.010"/>
  <system-out/>
</testsuite> <!-- Practice.DataFromExcelSheet -->
