<?xml version="1.0" encoding="UTF-8"?>
<!-- Generated by org.testng.reporters.JUnitReportReporter -->
<testsuite hostname="Prakash_Shah" failures="0" tests="1" name="Practice.ProductCampaigne" time="25.825" errors="0" timestamp="2023-04-10T20:28:46 IST" skipped="0">
  <testcase classname="Practice.ProductCampaigne" name="createProduct" time="25.825"/>
  <system-out/>
</testsuite> <!-- Practice.ProductCampaigne -->
