<?xml version="1.0" encoding="UTF-8"?>
<!-- Generated by org.testng.reporters.JUnitReportReporter -->
<testsuite hostname="Prakash_Shah" failures="0" tests="1" name="Campaigns.CreateCampaignsTest" time="9.789" errors="0" timestamp="2023-04-19T19:51:34 IST" skipped="0">
  <testcase classname="Campaigns.CreateCampaignsTest" name="createCampaigns" time="9.789"/>
  <system-out/>
</testsuite> <!-- Campaigns.CreateCampaignsTest -->
